<?xml version="1.0" encoding="UTF-8"?>
<testng-results skipped="0" failed="1" total="1" passed="0">
  <reporter-output>
    <line>
      <![CDATA[browser driver was constructed<br>]]>
    </line>
    <line>
      <![CDATA[Browser 'firefox' ready...<br>]]>
    </line>
    <line>
      <![CDATA[<div class="skipped">Failed to get cell value at row number '1' and column number '5' on sheet with name 'Sheet1'.</div><br>]]>
    </line>
    <line>
      <![CDATA[--------------------------------------------------------------------------------------<br>]]>
    </line>
    <line>
      <![CDATA[=====================  Test case: 'fleamarket.test.CreateAdTest' =====================<br>]]>
    </line>
    <line>
      <![CDATA[--------------------------------------------------------------------------------------<br>]]>
    </line>
    <line>
      <![CDATA[--------==[ Preconditions ]==--------<br>]]>
    </line>
    <line>
      <![CDATA[--------==[ Step 1 ]==--------<br>]]>
    </line>
    <line>
      <![CDATA[OPEN MAINPAGE<br>]]>
    </line>
    <line>
      <![CDATA[Form 'MainPage signed is false' appears in 178msec<br>]]>
    </line>
    <line>
      <![CDATA[--------==[ Step 2 ]==--------<br>]]>
    </line>
    <line>
      <![CDATA[<br>]]>
    </line>
    <line>
      <![CDATA[LogOutLogInKW is START<br>]]>
    </line>
    <line>
      <![CDATA[SING OUT/IN TO ACCOUNT<br>]]>
    </line>
    <line>
      <![CDATA[Button 'SignInOpen' :: Clicking<br>]]>
    </line>
    <line>
      <![CDATA[Text Field 'UserName' :: Typing 'mrqabugs'<br>]]>
    </line>
    <line>
      <![CDATA[Text Field 'Password' :: Typing 'ZAQ12wsx'<br>]]>
    </line>
    <line>
      <![CDATA[Button 'SignIn' :: Clicking<br>]]>
    </line>
    <line>
      <![CDATA[<div class="failedConfig">null</div><br>]]>
    </line>
    <line>
      <![CDATA[<div class="skipped"></div><br>]]>
    </line>
    <line>
      <![CDATA[<div class="failedConfig">>>>>>>>> TEST FAILED <<<<<<<<</div><br>]]>
    </line>
    <line>
      <![CDATA[<div class="skipped"></div><br>]]>
    </line>
    <line>
      <![CDATA[driver.quit...<br>]]>
    </line>
    <line>
      <![CDATA[killing processes<br>]]>
    </line>
  </reporter-output>
  <suite name="Course Project Test Plan" duration-ms="26139" started-at="2014-10-30T06:11:12Z" finished-at="2014-10-30T06:11:38Z">
    <groups>
    </groups>
    <test name="Functional Tests" duration-ms="26139" started-at="2014-10-30T06:11:12Z" finished-at="2014-10-30T06:11:38Z">
      <class name="fleamarket.test.CreateAdTest">
        <test-method status="PASS" signature="before(org.testng.ITestContext)[pri:0, instance:fleamarket.test.CreateAdTest@5133c9ba]" name="before" is-config="true" duration-ms="99" started-at="2014-10-30T17:11:12Z" finished-at="2014-10-30T17:11:12Z">
          <params>
            <param index="0">
              <value>
                <![CDATA[org.testng.TestRunner@4a140a2c]]>
              </value>
            </param>
          </params>
          <reporter-output>
          </reporter-output>
        </test-method> <!-- before -->
        <test-method status="FAIL" signature="readParams(java.lang.String, java.lang.String, java.lang.String, java.lang.String, java.lang.String, java.lang.String)[pri:0, instance:fleamarket.test.CreateAdTest@5133c9ba]" name="readParams" duration-ms="25558" started-at="2014-10-30T17:11:12Z" finished-at="2014-10-30T17:11:38Z">
          <params>
            <param index="0">
              <value>
                <![CDATA[http://onliner.by]]>
              </value>
            </param>
            <param index="1">
              <value>
                <![CDATA[src\test\resources\accountFile.xlsx]]>
              </value>
            </param>
            <param index="2">
              <value>
                <![CDATA[Sheet1]]>
              </value>
            </param>
            <param index="3">
              <value>
                <![CDATA[Барахолка]]>
              </value>
            </param>
            <param index="4">
              <value>
                <![CDATA[src\test\resources\adFile.xlsx]]>
              </value>
            </param>
            <param index="5">
              <value>
                <![CDATA[Sheet1]]>
              </value>
            </param>
          </params>
          <exception class="junit.framework.AssertionFailedError">
            <message>
              <![CDATA[null]]>
            </message>
            <full-stacktrace>
              <![CDATA[junit.framework.AssertionFailedError: null
	at junit.framework.Assert.fail(Assert.java:47)
	at junit.framework.Assert.assertTrue(Assert.java:20)
	at junit.framework.Assert.assertTrue(Assert.java:27)
	at webdriver.Logger.fatal(Logger.java:256)
	at webdriver.BaseEntity.fatal(BaseEntity.java:93)
	at webdriver.BaseEntity.assertEquals(BaseEntity.java:171)
	at fleamarket.test.keywords.BaseKeyword.afterRun(BaseKeyword.java:27)
	at fleamarket.test.keywords.BaseKeyword.runKeyword(BaseKeyword.java:18)
	at fleamarket.test.CreateAdTest.runTest(CreateAdTest.java:72)
	at webdriver.BaseTest.xTest(BaseTest.java:25)
	at fleamarket.test.CreateAdTest.readParams(CreateAdTest.java:54)
	at sun.reflect.NativeMethodAccessorImpl.invoke0(Native Method)
	at sun.reflect.NativeMethodAccessorImpl.invoke(Unknown Source)
	at sun.reflect.DelegatingMethodAccessorImpl.invoke(Unknown Source)
	at java.lang.reflect.Method.invoke(Unknown Source)
	at org.testng.internal.MethodInvocationHelper.invokeMethod(MethodInvocationHelper.java:84)
	at org.testng.internal.Invoker.invokeMethod(Invoker.java:714)
	at org.testng.internal.Invoker.invokeTestMethod(Invoker.java:901)
	at org.testng.internal.Invoker.invokeTestMethods(Invoker.java:1231)
	at org.testng.internal.TestMethodWorker.invokeTestMethods(TestMethodWorker.java:127)
	at org.testng.internal.TestMethodWorker.run(TestMethodWorker.java:111)
	at org.testng.TestRunner.privateRun(TestRunner.java:767)
	at org.testng.TestRunner.run(TestRunner.java:617)
	at org.testng.SuiteRunner.runTest(SuiteRunner.java:334)
	at org.testng.SuiteRunner.runSequentially(SuiteRunner.java:329)
	at org.testng.SuiteRunner.privateRun(SuiteRunner.java:291)
	at org.testng.SuiteRunner.run(SuiteRunner.java:240)
	at org.testng.SuiteRunnerWorker.runSuite(SuiteRunnerWorker.java:52)
	at org.testng.SuiteRunnerWorker.run(SuiteRunnerWorker.java:86)
	at org.testng.TestNG.runSuitesSequentially(TestNG.java:1224)
	at org.testng.TestNG.runSuitesLocally(TestNG.java:1149)
	at org.testng.TestNG.run(TestNG.java:1057)
	at org.testng.remote.RemoteTestNG.run(RemoteTestNG.java:111)
	at org.testng.remote.RemoteTestNG.initAndRun(RemoteTestNG.java:204)
	at org.testng.remote.RemoteTestNG.main(RemoteTestNG.java:175)
]]>
            </full-stacktrace>
          </exception> <!-- junit.framework.AssertionFailedError -->
          <reporter-output>
            <line>
              <![CDATA[<div class="skipped">Failed to get cell value at row number '1' and column number '5' on sheet with name 'Sheet1'.</div><br>]]>
            </line>
            <line>
              <![CDATA[--------------------------------------------------------------------------------------<br>]]>
            </line>
            <line>
              <![CDATA[=====================  Test case: 'fleamarket.test.CreateAdTest' =====================<br>]]>
            </line>
            <line>
              <![CDATA[--------------------------------------------------------------------------------------<br>]]>
            </line>
            <line>
              <![CDATA[--------==[ Preconditions ]==--------<br>]]>
            </line>
            <line>
              <![CDATA[--------==[ Step 1 ]==--------<br>]]>
            </line>
            <line>
              <![CDATA[OPEN MAINPAGE<br>]]>
            </line>
            <line>
              <![CDATA[Form 'MainPage signed is false' appears in 178msec<br>]]>
            </line>
            <line>
              <![CDATA[--------==[ Step 2 ]==--------<br>]]>
            </line>
            <line>
              <![CDATA[<br>]]>
            </line>
            <line>
              <![CDATA[LogOutLogInKW is START<br>]]>
            </line>
            <line>
              <![CDATA[SING OUT/IN TO ACCOUNT<br>]]>
            </line>
            <line>
              <![CDATA[Button 'SignInOpen' :: Clicking<br>]]>
            </line>
            <line>
              <![CDATA[Text Field 'UserName' :: Typing 'mrqabugs'<br>]]>
            </line>
            <line>
              <![CDATA[Text Field 'Password' :: Typing 'ZAQ12wsx'<br>]]>
            </line>
            <line>
              <![CDATA[Button 'SignIn' :: Clicking<br>]]>
            </line>
            <line>
              <![CDATA[<div class="failedConfig">null</div><br>]]>
            </line>
            <line>
              <![CDATA[<div class="skipped"></div><br>]]>
            </line>
            <line>
              <![CDATA[<div class="failedConfig">>>>>>>>> TEST FAILED <<<<<<<<</div><br>]]>
            </line>
            <line>
              <![CDATA[<div class="skipped"></div><br>]]>
            </line>
          </reporter-output>
        </test-method> <!-- readParams -->
        <test-method status="PASS" signature="after()[pri:0, instance:fleamarket.test.CreateAdTest@5133c9ba]" name="after" is-config="true" duration-ms="452" started-at="2014-10-30T17:11:38Z" finished-at="2014-10-30T17:11:38Z">
          <reporter-output>
            <line>
              <![CDATA[driver.quit...<br>]]>
            </line>
            <line>
              <![CDATA[killing processes<br>]]>
            </line>
          </reporter-output>
        </test-method> <!-- after -->
      </class> <!-- fleamarket.test.CreateAdTest -->
    </test> <!-- Functional Tests -->
  </suite> <!-- Course Project Test Plan -->
</testng-results>
